<?xml version="1.0" encoding="UTF-8"?>
<!-- Generated by org.testng.reporters.JUnitReportReporter -->
<testsuite hostname="dv17vn2" name="test.login" tests="1" failures="0" timestamp="11 May 2019 16:07:08 GMT" time="2.179" errors="0">
  <testcase name="logintest" time="2.179" classname="test.login"/>
</testsuite> <!-- test.login -->
